{"numFailedTestSuites":1,"numFailedTests":7,"numPassedTestSuites":0,"numPassedTests":0,"numPendingTestSuites":0,"numPendingTests":0,"numRuntimeErrorTestSuites":0,"numTodoTests":0,"numTotalTestSuites":1,"numTotalTests":7,"openHandles":[],"snapshot":{"added":0,"didUpdate":false,"failure":false,"filesAdded":0,"filesRemoved":0,"filesRemovedList":[],"filesUnmatched":0,"filesUpdated":0,"matched":0,"total":0,"unchecked":0,"uncheckedKeysByFile":[],"unmatched":0,"updated":0},"startTime":1615492529843,"success":false,"testResults":[{"assertionResults":[{"ancestorTitles":["CREATE BOOKING COMPONENT"],"failureMessages":["ReferenceError: flightIds is not defined\n    at CreateBooking.render (E:\\FlightBookingtoTrainee\\FlightBooking-toTrainee\\flight-booking\\src\\components\\CreateBooking.js:179:24)\n    at ReactShallowRenderer._mountClassComponent (E:\\FlightBookingtoTrainee\\FlightBooking-toTrainee\\flight-booking\\node_modules\\react-test-renderer\\cjs\\react-test-renderer-shallow.development.js:883:37)\n    at ReactShallowRenderer.render (E:\\FlightBookingtoTrainee\\FlightBooking-toTrainee\\flight-booking\\node_modules\\react-test-renderer\\cjs\\react-test-renderer-shallow.development.js:800:14)\n    at renderElement (E:\\FlightBookingtoTrainee\\FlightBooking-toTrainee\\flight-booking\\node_modules\\enzyme-adapter-react-16\\src\\ReactSixteenAdapter.js:643:26)\n    at fn (E:\\FlightBookingtoTrainee\\FlightBooking-toTrainee\\flight-booking\\node_modules\\enzyme-adapter-react-16\\src\\ReactSixteenAdapter.js:760:44)\n    at withSetStateAllowed (E:\\FlightBookingtoTrainee\\FlightBooking-toTrainee\\flight-booking\\node_modules\\enzyme-adapter-utils\\src\\Utils.js:100:18)\n    at Object.render (E:\\FlightBookingtoTrainee\\FlightBooking-toTrainee\\flight-booking\\node_modules\\enzyme-adapter-react-16\\src\\ReactSixteenAdapter.js:760:18)\n    at new ShallowWrapper (E:\\FlightBookingtoTrainee\\FlightBooking-toTrainee\\flight-booking\\node_modules\\enzyme\\src\\ShallowWrapper.js:411:22)\n    at shallow (E:\\FlightBookingtoTrainee\\FlightBooking-toTrainee\\flight-booking\\node_modules\\enzyme\\src\\shallow.js:10:10)\n    at Object.<anonymous> (E:\\FlightBookingtoTrainee\\FlightBooking-toTrainee\\flight-booking\\src\\App.test.js:1:4186)\n    at Promise.then.completed (E:\\FlightBookingtoTrainee\\FlightBooking-toTrainee\\flight-booking\\node_modules\\jest-circus\\build\\utils.js:276:28)\n    at new Promise (<anonymous>)\n    at callAsyncCircusFn (E:\\FlightBookingtoTrainee\\FlightBooking-toTrainee\\flight-booking\\node_modules\\jest-circus\\build\\utils.js:216:10)\n    at _callCircusTest (E:\\FlightBookingtoTrainee\\FlightBooking-toTrainee\\flight-booking\\node_modules\\jest-circus\\build\\run.js:212:40)\n    at _runTest (E:\\FlightBookingtoTrainee\\FlightBooking-toTrainee\\flight-booking\\node_modules\\jest-circus\\build\\run.js:149:3)\n    at _runTestsForDescribeBlock (E:\\FlightBookingtoTrainee\\FlightBooking-toTrainee\\flight-booking\\node_modules\\jest-circus\\build\\run.js:63:9)\n    at _runTestsForDescribeBlock (E:\\FlightBookingtoTrainee\\FlightBooking-toTrainee\\flight-booking\\node_modules\\jest-circus\\build\\run.js:57:9)\n    at run (E:\\FlightBookingtoTrainee\\FlightBooking-toTrainee\\flight-booking\\node_modules\\jest-circus\\build\\run.js:25:3)\n    at runAndTransformResultsToJestFormat (E:\\FlightBookingtoTrainee\\FlightBooking-toTrainee\\flight-booking\\node_modules\\jest-circus\\build\\legacy-code-todo-rewrite\\jestAdapterInit.js:176:21)\n    at jestAdapter (E:\\FlightBookingtoTrainee\\FlightBooking-toTrainee\\flight-booking\\node_modules\\jest-circus\\build\\legacy-code-todo-rewrite\\jestAdapter.js:109:19)\n    at runTestInternal (E:\\FlightBookingtoTrainee\\FlightBooking-toTrainee\\flight-booking\\node_modules\\jest-runner\\build\\runTest.js:380:16)\n    at runTest (E:\\FlightBookingtoTrainee\\FlightBooking-toTrainee\\flight-booking\\node_modules\\jest-runner\\build\\runTest.js:472:34)"],"fullName":"CREATE BOOKING COMPONENT CBJT1-Create Booking component has a form","location":null,"status":"failed","title":"CBJT1-Create Booking component has a form"},{"ancestorTitles":["CREATE BOOKING COMPONENT"],"failureMessages":["ReferenceError: flightIds is not defined\n    at CreateBooking.render (E:\\FlightBookingtoTrainee\\FlightBooking-toTrainee\\flight-booking\\src\\components\\CreateBooking.js:179:24)\n    at ReactShallowRenderer._mountClassComponent (E:\\FlightBookingtoTrainee\\FlightBooking-toTrainee\\flight-booking\\node_modules\\react-test-renderer\\cjs\\react-test-renderer-shallow.development.js:883:37)\n    at ReactShallowRenderer.render (E:\\FlightBookingtoTrainee\\FlightBooking-toTrainee\\flight-booking\\node_modules\\react-test-renderer\\cjs\\react-test-renderer-shallow.development.js:800:14)\n    at renderElement (E:\\FlightBookingtoTrainee\\FlightBooking-toTrainee\\flight-booking\\node_modules\\enzyme-adapter-react-16\\src\\ReactSixteenAdapter.js:643:26)\n    at fn (E:\\FlightBookingtoTrainee\\FlightBooking-toTrainee\\flight-booking\\node_modules\\enzyme-adapter-react-16\\src\\ReactSixteenAdapter.js:760:44)\n    at withSetStateAllowed (E:\\FlightBookingtoTrainee\\FlightBooking-toTrainee\\flight-booking\\node_modules\\enzyme-adapter-utils\\src\\Utils.js:100:18)\n    at Object.render (E:\\FlightBookingtoTrainee\\FlightBooking-toTrainee\\flight-booking\\node_modules\\enzyme-adapter-react-16\\src\\ReactSixteenAdapter.js:760:18)\n    at new ShallowWrapper (E:\\FlightBookingtoTrainee\\FlightBooking-toTrainee\\flight-booking\\node_modules\\enzyme\\src\\ShallowWrapper.js:411:22)\n    at shallow (E:\\FlightBookingtoTrainee\\FlightBooking-toTrainee\\flight-booking\\node_modules\\enzyme\\src\\shallow.js:10:10)\n    at Object.<anonymous> (E:\\FlightBookingtoTrainee\\FlightBooking-toTrainee\\flight-booking\\src\\App.test.js:1:4380)\n    at Promise.then.completed (E:\\FlightBookingtoTrainee\\FlightBooking-toTrainee\\flight-booking\\node_modules\\jest-circus\\build\\utils.js:276:28)\n    at new Promise (<anonymous>)\n    at callAsyncCircusFn (E:\\FlightBookingtoTrainee\\FlightBooking-toTrainee\\flight-booking\\node_modules\\jest-circus\\build\\utils.js:216:10)\n    at _callCircusTest (E:\\FlightBookingtoTrainee\\FlightBooking-toTrainee\\flight-booking\\node_modules\\jest-circus\\build\\run.js:212:40)\n    at _runTest (E:\\FlightBookingtoTrainee\\FlightBooking-toTrainee\\flight-booking\\node_modules\\jest-circus\\build\\run.js:149:3)\n    at _runTestsForDescribeBlock (E:\\FlightBookingtoTrainee\\FlightBooking-toTrainee\\flight-booking\\node_modules\\jest-circus\\build\\run.js:63:9)\n    at _runTestsForDescribeBlock (E:\\FlightBookingtoTrainee\\FlightBooking-toTrainee\\flight-booking\\node_modules\\jest-circus\\build\\run.js:57:9)\n    at run (E:\\FlightBookingtoTrainee\\FlightBooking-toTrainee\\flight-booking\\node_modules\\jest-circus\\build\\run.js:25:3)\n    at runAndTransformResultsToJestFormat (E:\\FlightBookingtoTrainee\\FlightBooking-toTrainee\\flight-booking\\node_modules\\jest-circus\\build\\legacy-code-todo-rewrite\\jestAdapterInit.js:176:21)\n    at jestAdapter (E:\\FlightBookingtoTrainee\\FlightBooking-toTrainee\\flight-booking\\node_modules\\jest-circus\\build\\legacy-code-todo-rewrite\\jestAdapter.js:109:19)\n    at runTestInternal (E:\\FlightBookingtoTrainee\\FlightBooking-toTrainee\\flight-booking\\node_modules\\jest-runner\\build\\runTest.js:380:16)\n    at runTest (E:\\FlightBookingtoTrainee\\FlightBooking-toTrainee\\flight-booking\\node_modules\\jest-runner\\build\\runTest.js:472:34)"],"fullName":"CREATE BOOKING COMPONENT CBJT2-Create Booking component has three fields (2 inputs & 1 dropdown)","location":null,"status":"failed","title":"CBJT2-Create Booking component has three fields (2 inputs & 1 dropdown)"},{"ancestorTitles":["CREATE BOOKING COMPONENT"],"failureMessages":["ReferenceError: flightIds is not defined\n    at CreateBooking.render (E:\\FlightBookingtoTrainee\\FlightBooking-toTrainee\\flight-booking\\src\\components\\CreateBooking.js:179:24)\n    at ReactShallowRenderer._mountClassComponent (E:\\FlightBookingtoTrainee\\FlightBooking-toTrainee\\flight-booking\\node_modules\\react-test-renderer\\cjs\\react-test-renderer-shallow.development.js:883:37)\n    at ReactShallowRenderer.render (E:\\FlightBookingtoTrainee\\FlightBooking-toTrainee\\flight-booking\\node_modules\\react-test-renderer\\cjs\\react-test-renderer-shallow.development.js:800:14)\n    at renderElement (E:\\FlightBookingtoTrainee\\FlightBooking-toTrainee\\flight-booking\\node_modules\\enzyme-adapter-react-16\\src\\ReactSixteenAdapter.js:643:26)\n    at fn (E:\\FlightBookingtoTrainee\\FlightBooking-toTrainee\\flight-booking\\node_modules\\enzyme-adapter-react-16\\src\\ReactSixteenAdapter.js:760:44)\n    at withSetStateAllowed (E:\\FlightBookingtoTrainee\\FlightBooking-toTrainee\\flight-booking\\node_modules\\enzyme-adapter-utils\\src\\Utils.js:100:18)\n    at Object.render (E:\\FlightBookingtoTrainee\\FlightBooking-toTrainee\\flight-booking\\node_modules\\enzyme-adapter-react-16\\src\\ReactSixteenAdapter.js:760:18)\n    at new ShallowWrapper (E:\\FlightBookingtoTrainee\\FlightBooking-toTrainee\\flight-booking\\node_modules\\enzyme\\src\\ShallowWrapper.js:411:22)\n    at shallow (E:\\FlightBookingtoTrainee\\FlightBooking-toTrainee\\flight-booking\\node_modules\\enzyme\\src\\shallow.js:10:10)\n    at Object.<anonymous> (E:\\FlightBookingtoTrainee\\FlightBooking-toTrainee\\flight-booking\\src\\App.test.js:1:4689)\n    at Promise.then.completed (E:\\FlightBookingtoTrainee\\FlightBooking-toTrainee\\flight-booking\\node_modules\\jest-circus\\build\\utils.js:276:28)\n    at new Promise (<anonymous>)\n    at callAsyncCircusFn (E:\\FlightBookingtoTrainee\\FlightBooking-toTrainee\\flight-booking\\node_modules\\jest-circus\\build\\utils.js:216:10)\n    at _callCircusTest (E:\\FlightBookingtoTrainee\\FlightBooking-toTrainee\\flight-booking\\node_modules\\jest-circus\\build\\run.js:212:40)\n    at _runTest (E:\\FlightBookingtoTrainee\\FlightBooking-toTrainee\\flight-booking\\node_modules\\jest-circus\\build\\run.js:149:3)\n    at _runTestsForDescribeBlock (E:\\FlightBookingtoTrainee\\FlightBooking-toTrainee\\flight-booking\\node_modules\\jest-circus\\build\\run.js:63:9)\n    at _runTestsForDescribeBlock (E:\\FlightBookingtoTrainee\\FlightBooking-toTrainee\\flight-booking\\node_modules\\jest-circus\\build\\run.js:57:9)\n    at run (E:\\FlightBookingtoTrainee\\FlightBooking-toTrainee\\flight-booking\\node_modules\\jest-circus\\build\\run.js:25:3)\n    at runAndTransformResultsToJestFormat (E:\\FlightBookingtoTrainee\\FlightBooking-toTrainee\\flight-booking\\node_modules\\jest-circus\\build\\legacy-code-todo-rewrite\\jestAdapterInit.js:176:21)\n    at jestAdapter (E:\\FlightBookingtoTrainee\\FlightBooking-toTrainee\\flight-booking\\node_modules\\jest-circus\\build\\legacy-code-todo-rewrite\\jestAdapter.js:109:19)\n    at runTestInternal (E:\\FlightBookingtoTrainee\\FlightBooking-toTrainee\\flight-booking\\node_modules\\jest-runner\\build\\runTest.js:380:16)\n    at runTest (E:\\FlightBookingtoTrainee\\FlightBooking-toTrainee\\flight-booking\\node_modules\\jest-runner\\build\\runTest.js:472:34)"],"fullName":"CREATE BOOKING COMPONENT CBJT3-Create Booking component has a button","location":null,"status":"failed","title":"CBJT3-Create Booking component has a button"},{"ancestorTitles":["CREATE BOOKING COMPONENT"],"failureMessages":["ReferenceError: flightIds is not defined\n    at CreateBooking.render (E:\\FlightBookingtoTrainee\\FlightBooking-toTrainee\\flight-booking\\src\\components\\CreateBooking.js:179:24)\n    at ReactShallowRenderer._mountClassComponent (E:\\FlightBookingtoTrainee\\FlightBooking-toTrainee\\flight-booking\\node_modules\\react-test-renderer\\cjs\\react-test-renderer-shallow.development.js:883:37)\n    at ReactShallowRenderer.render (E:\\FlightBookingtoTrainee\\FlightBooking-toTrainee\\flight-booking\\node_modules\\react-test-renderer\\cjs\\react-test-renderer-shallow.development.js:800:14)\n    at renderElement (E:\\FlightBookingtoTrainee\\FlightBooking-toTrainee\\flight-booking\\node_modules\\enzyme-adapter-react-16\\src\\ReactSixteenAdapter.js:643:26)\n    at fn (E:\\FlightBookingtoTrainee\\FlightBooking-toTrainee\\flight-booking\\node_modules\\enzyme-adapter-react-16\\src\\ReactSixteenAdapter.js:760:44)\n    at withSetStateAllowed (E:\\FlightBookingtoTrainee\\FlightBooking-toTrainee\\flight-booking\\node_modules\\enzyme-adapter-utils\\src\\Utils.js:100:18)\n    at Object.render (E:\\FlightBookingtoTrainee\\FlightBooking-toTrainee\\flight-booking\\node_modules\\enzyme-adapter-react-16\\src\\ReactSixteenAdapter.js:760:18)\n    at new ShallowWrapper (E:\\FlightBookingtoTrainee\\FlightBooking-toTrainee\\flight-booking\\node_modules\\enzyme\\src\\ShallowWrapper.js:411:22)\n    at shallow (E:\\FlightBookingtoTrainee\\FlightBooking-toTrainee\\flight-booking\\node_modules\\enzyme\\src\\shallow.js:10:10)\n    at Object.<anonymous> (E:\\FlightBookingtoTrainee\\FlightBooking-toTrainee\\flight-booking\\src\\App.test.js:1:4909)\n    at Promise.then.completed (E:\\FlightBookingtoTrainee\\FlightBooking-toTrainee\\flight-booking\\node_modules\\jest-circus\\build\\utils.js:276:28)\n    at new Promise (<anonymous>)\n    at callAsyncCircusFn (E:\\FlightBookingtoTrainee\\FlightBooking-toTrainee\\flight-booking\\node_modules\\jest-circus\\build\\utils.js:216:10)\n    at _callCircusTest (E:\\FlightBookingtoTrainee\\FlightBooking-toTrainee\\flight-booking\\node_modules\\jest-circus\\build\\run.js:212:40)\n    at _runTest (E:\\FlightBookingtoTrainee\\FlightBooking-toTrainee\\flight-booking\\node_modules\\jest-circus\\build\\run.js:149:3)\n    at _runTestsForDescribeBlock (E:\\FlightBookingtoTrainee\\FlightBooking-toTrainee\\flight-booking\\node_modules\\jest-circus\\build\\run.js:63:9)\n    at _runTestsForDescribeBlock (E:\\FlightBookingtoTrainee\\FlightBooking-toTrainee\\flight-booking\\node_modules\\jest-circus\\build\\run.js:57:9)\n    at run (E:\\FlightBookingtoTrainee\\FlightBooking-toTrainee\\flight-booking\\node_modules\\jest-circus\\build\\run.js:25:3)\n    at runAndTransformResultsToJestFormat (E:\\FlightBookingtoTrainee\\FlightBooking-toTrainee\\flight-booking\\node_modules\\jest-circus\\build\\legacy-code-todo-rewrite\\jestAdapterInit.js:176:21)\n    at jestAdapter (E:\\FlightBookingtoTrainee\\FlightBooking-toTrainee\\flight-booking\\node_modules\\jest-circus\\build\\legacy-code-todo-rewrite\\jestAdapter.js:109:19)\n    at runTestInternal (E:\\FlightBookingtoTrainee\\FlightBooking-toTrainee\\flight-booking\\node_modules\\jest-runner\\build\\runTest.js:380:16)\n    at runTest (E:\\FlightBookingtoTrainee\\FlightBooking-toTrainee\\flight-booking\\node_modules\\jest-runner\\build\\runTest.js:472:34)"],"fullName":"CREATE BOOKING COMPONENT CBJT4-Name prop of all the input fields is proper","location":null,"status":"failed","title":"CBJT4-Name prop of all the input fields is proper"},{"ancestorTitles":["CREATE BOOKING COMPONENT"],"failureMessages":["ReferenceError: flightIds is not defined\n    at CreateBooking.render (E:\\FlightBookingtoTrainee\\FlightBooking-toTrainee\\flight-booking\\src\\components\\CreateBooking.js:179:24)\n    at ReactShallowRenderer._mountClassComponent (E:\\FlightBookingtoTrainee\\FlightBooking-toTrainee\\flight-booking\\node_modules\\react-test-renderer\\cjs\\react-test-renderer-shallow.development.js:883:37)\n    at ReactShallowRenderer.render (E:\\FlightBookingtoTrainee\\FlightBooking-toTrainee\\flight-booking\\node_modules\\react-test-renderer\\cjs\\react-test-renderer-shallow.development.js:800:14)\n    at renderElement (E:\\FlightBookingtoTrainee\\FlightBooking-toTrainee\\flight-booking\\node_modules\\enzyme-adapter-react-16\\src\\ReactSixteenAdapter.js:643:26)\n    at fn (E:\\FlightBookingtoTrainee\\FlightBooking-toTrainee\\flight-booking\\node_modules\\enzyme-adapter-react-16\\src\\ReactSixteenAdapter.js:760:44)\n    at withSetStateAllowed (E:\\FlightBookingtoTrainee\\FlightBooking-toTrainee\\flight-booking\\node_modules\\enzyme-adapter-utils\\src\\Utils.js:100:18)\n    at Object.render (E:\\FlightBookingtoTrainee\\FlightBooking-toTrainee\\flight-booking\\node_modules\\enzyme-adapter-react-16\\src\\ReactSixteenAdapter.js:760:18)\n    at new ShallowWrapper (E:\\FlightBookingtoTrainee\\FlightBooking-toTrainee\\flight-booking\\node_modules\\enzyme\\src\\ShallowWrapper.js:411:22)\n    at shallow (E:\\FlightBookingtoTrainee\\FlightBooking-toTrainee\\flight-booking\\node_modules\\enzyme\\src\\shallow.js:10:10)\n    at Object.<anonymous> (E:\\FlightBookingtoTrainee\\FlightBooking-toTrainee\\flight-booking\\src\\App.test.js:1:5485)\n    at Promise.then.completed (E:\\FlightBookingtoTrainee\\FlightBooking-toTrainee\\flight-booking\\node_modules\\jest-circus\\build\\utils.js:276:28)\n    at new Promise (<anonymous>)\n    at callAsyncCircusFn (E:\\FlightBookingtoTrainee\\FlightBooking-toTrainee\\flight-booking\\node_modules\\jest-circus\\build\\utils.js:216:10)\n    at _callCircusTest (E:\\FlightBookingtoTrainee\\FlightBooking-toTrainee\\flight-booking\\node_modules\\jest-circus\\build\\run.js:212:40)\n    at _runTest (E:\\FlightBookingtoTrainee\\FlightBooking-toTrainee\\flight-booking\\node_modules\\jest-circus\\build\\run.js:149:3)\n    at _runTestsForDescribeBlock (E:\\FlightBookingtoTrainee\\FlightBooking-toTrainee\\flight-booking\\node_modules\\jest-circus\\build\\run.js:63:9)\n    at _runTestsForDescribeBlock (E:\\FlightBookingtoTrainee\\FlightBooking-toTrainee\\flight-booking\\node_modules\\jest-circus\\build\\run.js:57:9)\n    at run (E:\\FlightBookingtoTrainee\\FlightBooking-toTrainee\\flight-booking\\node_modules\\jest-circus\\build\\run.js:25:3)\n    at runAndTransformResultsToJestFormat (E:\\FlightBookingtoTrainee\\FlightBooking-toTrainee\\flight-booking\\node_modules\\jest-circus\\build\\legacy-code-todo-rewrite\\jestAdapterInit.js:176:21)\n    at jestAdapter (E:\\FlightBookingtoTrainee\\FlightBooking-toTrainee\\flight-booking\\node_modules\\jest-circus\\build\\legacy-code-todo-rewrite\\jestAdapter.js:109:19)\n    at runTestInternal (E:\\FlightBookingtoTrainee\\FlightBooking-toTrainee\\flight-booking\\node_modules\\jest-runner\\build\\runTest.js:380:16)\n    at runTest (E:\\FlightBookingtoTrainee\\FlightBooking-toTrainee\\flight-booking\\node_modules\\jest-runner\\build\\runTest.js:472:34)"],"fullName":"CREATE BOOKING COMPONENT CBJT5-Error message tags for all the fields have proper name attribute","location":null,"status":"failed","title":"CBJT5-Error message tags for all the fields have proper name attribute"},{"ancestorTitles":["CREATE BOOKING COMPONENT"],"failureMessages":["ReferenceError: flightIds is not defined\n    at CreateBooking.render (E:\\FlightBookingtoTrainee\\FlightBooking-toTrainee\\flight-booking\\src\\components\\CreateBooking.js:179:24)\n    at ReactShallowRenderer._mountClassComponent (E:\\FlightBookingtoTrainee\\FlightBooking-toTrainee\\flight-booking\\node_modules\\react-test-renderer\\cjs\\react-test-renderer-shallow.development.js:883:37)\n    at ReactShallowRenderer.render (E:\\FlightBookingtoTrainee\\FlightBooking-toTrainee\\flight-booking\\node_modules\\react-test-renderer\\cjs\\react-test-renderer-shallow.development.js:800:14)\n    at renderElement (E:\\FlightBookingtoTrainee\\FlightBooking-toTrainee\\flight-booking\\node_modules\\enzyme-adapter-react-16\\src\\ReactSixteenAdapter.js:643:26)\n    at fn (E:\\FlightBookingtoTrainee\\FlightBooking-toTrainee\\flight-booking\\node_modules\\enzyme-adapter-react-16\\src\\ReactSixteenAdapter.js:760:44)\n    at withSetStateAllowed (E:\\FlightBookingtoTrainee\\FlightBooking-toTrainee\\flight-booking\\node_modules\\enzyme-adapter-utils\\src\\Utils.js:100:18)\n    at Object.render (E:\\FlightBookingtoTrainee\\FlightBooking-toTrainee\\flight-booking\\node_modules\\enzyme-adapter-react-16\\src\\ReactSixteenAdapter.js:760:18)\n    at new ShallowWrapper (E:\\FlightBookingtoTrainee\\FlightBooking-toTrainee\\flight-booking\\node_modules\\enzyme\\src\\ShallowWrapper.js:411:22)\n    at shallow (E:\\FlightBookingtoTrainee\\FlightBooking-toTrainee\\flight-booking\\node_modules\\enzyme\\src\\shallow.js:10:10)\n    at Object.<anonymous> (E:\\FlightBookingtoTrainee\\FlightBooking-toTrainee\\flight-booking\\src\\App.test.js:1:5950)\n    at Promise.then.completed (E:\\FlightBookingtoTrainee\\FlightBooking-toTrainee\\flight-booking\\node_modules\\jest-circus\\build\\utils.js:276:28)\n    at new Promise (<anonymous>)\n    at callAsyncCircusFn (E:\\FlightBookingtoTrainee\\FlightBooking-toTrainee\\flight-booking\\node_modules\\jest-circus\\build\\utils.js:216:10)\n    at _callCircusTest (E:\\FlightBookingtoTrainee\\FlightBooking-toTrainee\\flight-booking\\node_modules\\jest-circus\\build\\run.js:212:40)\n    at _runTest (E:\\FlightBookingtoTrainee\\FlightBooking-toTrainee\\flight-booking\\node_modules\\jest-circus\\build\\run.js:149:3)\n    at _runTestsForDescribeBlock (E:\\FlightBookingtoTrainee\\FlightBooking-toTrainee\\flight-booking\\node_modules\\jest-circus\\build\\run.js:63:9)\n    at _runTestsForDescribeBlock (E:\\FlightBookingtoTrainee\\FlightBooking-toTrainee\\flight-booking\\node_modules\\jest-circus\\build\\run.js:57:9)\n    at run (E:\\FlightBookingtoTrainee\\FlightBooking-toTrainee\\flight-booking\\node_modules\\jest-circus\\build\\run.js:25:3)\n    at runAndTransformResultsToJestFormat (E:\\FlightBookingtoTrainee\\FlightBooking-toTrainee\\flight-booking\\node_modules\\jest-circus\\build\\legacy-code-todo-rewrite\\jestAdapterInit.js:176:21)\n    at jestAdapter (E:\\FlightBookingtoTrainee\\FlightBooking-toTrainee\\flight-booking\\node_modules\\jest-circus\\build\\legacy-code-todo-rewrite\\jestAdapter.js:109:19)\n    at runTestInternal (E:\\FlightBookingtoTrainee\\FlightBooking-toTrainee\\flight-booking\\node_modules\\jest-runner\\build\\runTest.js:380:16)\n    at runTest (E:\\FlightBookingtoTrainee\\FlightBooking-toTrainee\\flight-booking\\node_modules\\jest-runner\\build\\runTest.js:472:34)"],"fullName":"CREATE BOOKING COMPONENT CBJT6-form level success and error messages of CreateBooking component have proper name attribute","location":null,"status":"failed","title":"CBJT6-form level success and error messages of CreateBooking component have proper name attribute"},{"ancestorTitles":["CREATE BOOKING COMPONENT"],"failureMessages":["ReferenceError: flightIds is not defined\n    at CreateBooking.render (E:\\FlightBookingtoTrainee\\FlightBooking-toTrainee\\flight-booking\\src\\components\\CreateBooking.js:179:24)\n    at ReactShallowRenderer._mountClassComponent (E:\\FlightBookingtoTrainee\\FlightBooking-toTrainee\\flight-booking\\node_modules\\react-test-renderer\\cjs\\react-test-renderer-shallow.development.js:883:37)\n    at ReactShallowRenderer.render (E:\\FlightBookingtoTrainee\\FlightBooking-toTrainee\\flight-booking\\node_modules\\react-test-renderer\\cjs\\react-test-renderer-shallow.development.js:800:14)\n    at renderElement (E:\\FlightBookingtoTrainee\\FlightBooking-toTrainee\\flight-booking\\node_modules\\enzyme-adapter-react-16\\src\\ReactSixteenAdapter.js:643:26)\n    at fn (E:\\FlightBookingtoTrainee\\FlightBooking-toTrainee\\flight-booking\\node_modules\\enzyme-adapter-react-16\\src\\ReactSixteenAdapter.js:760:44)\n    at withSetStateAllowed (E:\\FlightBookingtoTrainee\\FlightBooking-toTrainee\\flight-booking\\node_modules\\enzyme-adapter-utils\\src\\Utils.js:100:18)\n    at Object.render (E:\\FlightBookingtoTrainee\\FlightBooking-toTrainee\\flight-booking\\node_modules\\enzyme-adapter-react-16\\src\\ReactSixteenAdapter.js:760:18)\n    at new ShallowWrapper (E:\\FlightBookingtoTrainee\\FlightBooking-toTrainee\\flight-booking\\node_modules\\enzyme\\src\\ShallowWrapper.js:411:22)\n    at shallow (E:\\FlightBookingtoTrainee\\FlightBooking-toTrainee\\flight-booking\\node_modules\\enzyme\\src\\shallow.js:10:10)\n    at Object.<anonymous> (E:\\FlightBookingtoTrainee\\FlightBooking-toTrainee\\flight-booking\\src\\App.test.js:1:6251)\n    at Promise.then.completed (E:\\FlightBookingtoTrainee\\FlightBooking-toTrainee\\flight-booking\\node_modules\\jest-circus\\build\\utils.js:276:28)\n    at new Promise (<anonymous>)\n    at callAsyncCircusFn (E:\\FlightBookingtoTrainee\\FlightBooking-toTrainee\\flight-booking\\node_modules\\jest-circus\\build\\utils.js:216:10)\n    at _callCircusTest (E:\\FlightBookingtoTrainee\\FlightBooking-toTrainee\\flight-booking\\node_modules\\jest-circus\\build\\run.js:212:40)\n    at _runTest (E:\\FlightBookingtoTrainee\\FlightBooking-toTrainee\\flight-booking\\node_modules\\jest-circus\\build\\run.js:149:3)\n    at _runTestsForDescribeBlock (E:\\FlightBookingtoTrainee\\FlightBooking-toTrainee\\flight-booking\\node_modules\\jest-circus\\build\\run.js:63:9)\n    at _runTestsForDescribeBlock (E:\\FlightBookingtoTrainee\\FlightBooking-toTrainee\\flight-booking\\node_modules\\jest-circus\\build\\run.js:57:9)\n    at run (E:\\FlightBookingtoTrainee\\FlightBooking-toTrainee\\flight-booking\\node_modules\\jest-circus\\build\\run.js:25:3)\n    at runAndTransformResultsToJestFormat (E:\\FlightBookingtoTrainee\\FlightBooking-toTrainee\\flight-booking\\node_modules\\jest-circus\\build\\legacy-code-todo-rewrite\\jestAdapterInit.js:176:21)\n    at jestAdapter (E:\\FlightBookingtoTrainee\\FlightBooking-toTrainee\\flight-booking\\node_modules\\jest-circus\\build\\legacy-code-todo-rewrite\\jestAdapter.js:109:19)\n    at runTestInternal (E:\\FlightBookingtoTrainee\\FlightBooking-toTrainee\\flight-booking\\node_modules\\jest-runner\\build\\runTest.js:380:16)\n    at runTest (E:\\FlightBookingtoTrainee\\FlightBooking-toTrainee\\flight-booking\\node_modules\\jest-runner\\build\\runTest.js:472:34)"],"fullName":"CREATE BOOKING COMPONENT CBJT7-All input fields of CreateBooking component have formcontrol class","location":null,"status":"failed","title":"CBJT7-All input fields of CreateBooking component have formcontrol class"}],"endTime":1615492587165,"message":"  ● CREATE BOOKING COMPONENT › CBJT1-Create Booking component has a form\n\n    ReferenceError: flightIds is not defined\n\n      177 |                       className=\"form-control\" value={this.state.form.flightId} onChange={(e) => this.handleChange(e)}>\n      178 |                       <option defaultValue=\"\">--Select Flight--</option>\n    > 179 |                       {flightIds && flightIds.map((flightId, key) => (\n          |                        ^\n      180 |                         <option key={key} value={flightId}>{flightId}</option>\n      181 |                       ))}\n      182 |                     </select>\n\n      at CreateBooking.render (src/components/CreateBooking.js:179:24)\n      at ReactShallowRenderer._mountClassComponent (node_modules/react-test-renderer/cjs/react-test-renderer-shallow.development.js:883:37)\n      at ReactShallowRenderer.render (node_modules/react-test-renderer/cjs/react-test-renderer-shallow.development.js:800:14)\n      at renderElement (node_modules/enzyme-adapter-react-16/src/ReactSixteenAdapter.js:643:26)\n      at fn (node_modules/enzyme-adapter-react-16/src/ReactSixteenAdapter.js:760:44)\n      at withSetStateAllowed (node_modules/enzyme-adapter-utils/src/Utils.js:100:18)\n      at Object.render (node_modules/enzyme-adapter-react-16/src/ReactSixteenAdapter.js:760:18)\n      at new ShallowWrapper (node_modules/enzyme/src/ShallowWrapper.js:411:22)\n      at shallow (node_modules/enzyme/src/shallow.js:10:10)\n      at Object.<anonymous> (src/App.test.js:1:4186)\n\n  ● CREATE BOOKING COMPONENT › CBJT2-Create Booking component has three fields (2 inputs & 1 dropdown)\n\n    ReferenceError: flightIds is not defined\n\n      177 |                       className=\"form-control\" value={this.state.form.flightId} onChange={(e) => this.handleChange(e)}>\n      178 |                       <option defaultValue=\"\">--Select Flight--</option>\n    > 179 |                       {flightIds && flightIds.map((flightId, key) => (\n          |                        ^\n      180 |                         <option key={key} value={flightId}>{flightId}</option>\n      181 |                       ))}\n      182 |                     </select>\n\n      at CreateBooking.render (src/components/CreateBooking.js:179:24)\n      at ReactShallowRenderer._mountClassComponent (node_modules/react-test-renderer/cjs/react-test-renderer-shallow.development.js:883:37)\n      at ReactShallowRenderer.render (node_modules/react-test-renderer/cjs/react-test-renderer-shallow.development.js:800:14)\n      at renderElement (node_modules/enzyme-adapter-react-16/src/ReactSixteenAdapter.js:643:26)\n      at fn (node_modules/enzyme-adapter-react-16/src/ReactSixteenAdapter.js:760:44)\n      at withSetStateAllowed (node_modules/enzyme-adapter-utils/src/Utils.js:100:18)\n      at Object.render (node_modules/enzyme-adapter-react-16/src/ReactSixteenAdapter.js:760:18)\n      at new ShallowWrapper (node_modules/enzyme/src/ShallowWrapper.js:411:22)\n      at shallow (node_modules/enzyme/src/shallow.js:10:10)\n      at Object.<anonymous> (src/App.test.js:1:4380)\n\n  ● CREATE BOOKING COMPONENT › CBJT3-Create Booking component has a button\n\n    ReferenceError: flightIds is not defined\n\n      177 |                       className=\"form-control\" value={this.state.form.flightId} onChange={(e) => this.handleChange(e)}>\n      178 |                       <option defaultValue=\"\">--Select Flight--</option>\n    > 179 |                       {flightIds && flightIds.map((flightId, key) => (\n          |                        ^\n      180 |                         <option key={key} value={flightId}>{flightId}</option>\n      181 |                       ))}\n      182 |                     </select>\n\n      at CreateBooking.render (src/components/CreateBooking.js:179:24)\n      at ReactShallowRenderer._mountClassComponent (node_modules/react-test-renderer/cjs/react-test-renderer-shallow.development.js:883:37)\n      at ReactShallowRenderer.render (node_modules/react-test-renderer/cjs/react-test-renderer-shallow.development.js:800:14)\n      at renderElement (node_modules/enzyme-adapter-react-16/src/ReactSixteenAdapter.js:643:26)\n      at fn (node_modules/enzyme-adapter-react-16/src/ReactSixteenAdapter.js:760:44)\n      at withSetStateAllowed (node_modules/enzyme-adapter-utils/src/Utils.js:100:18)\n      at Object.render (node_modules/enzyme-adapter-react-16/src/ReactSixteenAdapter.js:760:18)\n      at new ShallowWrapper (node_modules/enzyme/src/ShallowWrapper.js:411:22)\n      at shallow (node_modules/enzyme/src/shallow.js:10:10)\n      at Object.<anonymous> (src/App.test.js:1:4689)\n\n  ● CREATE BOOKING COMPONENT › CBJT4-Name prop of all the input fields is proper\n\n    ReferenceError: flightIds is not defined\n\n      177 |                       className=\"form-control\" value={this.state.form.flightId} onChange={(e) => this.handleChange(e)}>\n      178 |                       <option defaultValue=\"\">--Select Flight--</option>\n    > 179 |                       {flightIds && flightIds.map((flightId, key) => (\n          |                        ^\n      180 |                         <option key={key} value={flightId}>{flightId}</option>\n      181 |                       ))}\n      182 |                     </select>\n\n      at CreateBooking.render (src/components/CreateBooking.js:179:24)\n      at ReactShallowRenderer._mountClassComponent (node_modules/react-test-renderer/cjs/react-test-renderer-shallow.development.js:883:37)\n      at ReactShallowRenderer.render (node_modules/react-test-renderer/cjs/react-test-renderer-shallow.development.js:800:14)\n      at renderElement (node_modules/enzyme-adapter-react-16/src/ReactSixteenAdapter.js:643:26)\n      at fn (node_modules/enzyme-adapter-react-16/src/ReactSixteenAdapter.js:760:44)\n      at withSetStateAllowed (node_modules/enzyme-adapter-utils/src/Utils.js:100:18)\n      at Object.render (node_modules/enzyme-adapter-react-16/src/ReactSixteenAdapter.js:760:18)\n      at new ShallowWrapper (node_modules/enzyme/src/ShallowWrapper.js:411:22)\n      at shallow (node_modules/enzyme/src/shallow.js:10:10)\n      at Object.<anonymous> (src/App.test.js:1:4909)\n\n  ● CREATE BOOKING COMPONENT › CBJT5-Error message tags for all the fields have proper name attribute\n\n    ReferenceError: flightIds is not defined\n\n      177 |                       className=\"form-control\" value={this.state.form.flightId} onChange={(e) => this.handleChange(e)}>\n      178 |                       <option defaultValue=\"\">--Select Flight--</option>\n    > 179 |                       {flightIds && flightIds.map((flightId, key) => (\n          |                        ^\n      180 |                         <option key={key} value={flightId}>{flightId}</option>\n      181 |                       ))}\n      182 |                     </select>\n\n      at CreateBooking.render (src/components/CreateBooking.js:179:24)\n      at ReactShallowRenderer._mountClassComponent (node_modules/react-test-renderer/cjs/react-test-renderer-shallow.development.js:883:37)\n      at ReactShallowRenderer.render (node_modules/react-test-renderer/cjs/react-test-renderer-shallow.development.js:800:14)\n      at renderElement (node_modules/enzyme-adapter-react-16/src/ReactSixteenAdapter.js:643:26)\n      at fn (node_modules/enzyme-adapter-react-16/src/ReactSixteenAdapter.js:760:44)\n      at withSetStateAllowed (node_modules/enzyme-adapter-utils/src/Utils.js:100:18)\n      at Object.render (node_modules/enzyme-adapter-react-16/src/ReactSixteenAdapter.js:760:18)\n      at new ShallowWrapper (node_modules/enzyme/src/ShallowWrapper.js:411:22)\n      at shallow (node_modules/enzyme/src/shallow.js:10:10)\n      at Object.<anonymous> (src/App.test.js:1:5485)\n\n  ● CREATE BOOKING COMPONENT › CBJT6-form level success and error messages of CreateBooking component have proper name attribute\n\n    ReferenceError: flightIds is not defined\n\n      177 |                       className=\"form-control\" value={this.state.form.flightId} onChange={(e) => this.handleChange(e)}>\n      178 |                       <option defaultValue=\"\">--Select Flight--</option>\n    > 179 |                       {flightIds && flightIds.map((flightId, key) => (\n          |                        ^\n      180 |                         <option key={key} value={flightId}>{flightId}</option>\n      181 |                       ))}\n      182 |                     </select>\n\n      at CreateBooking.render (src/components/CreateBooking.js:179:24)\n      at ReactShallowRenderer._mountClassComponent (node_modules/react-test-renderer/cjs/react-test-renderer-shallow.development.js:883:37)\n      at ReactShallowRenderer.render (node_modules/react-test-renderer/cjs/react-test-renderer-shallow.development.js:800:14)\n      at renderElement (node_modules/enzyme-adapter-react-16/src/ReactSixteenAdapter.js:643:26)\n      at fn (node_modules/enzyme-adapter-react-16/src/ReactSixteenAdapter.js:760:44)\n      at withSetStateAllowed (node_modules/enzyme-adapter-utils/src/Utils.js:100:18)\n      at Object.render (node_modules/enzyme-adapter-react-16/src/ReactSixteenAdapter.js:760:18)\n      at new ShallowWrapper (node_modules/enzyme/src/ShallowWrapper.js:411:22)\n      at shallow (node_modules/enzyme/src/shallow.js:10:10)\n      at Object.<anonymous> (src/App.test.js:1:5950)\n\n  ● CREATE BOOKING COMPONENT › CBJT7-All input fields of CreateBooking component have formcontrol class\n\n    ReferenceError: flightIds is not defined\n\n      177 |                       className=\"form-control\" value={this.state.form.flightId} onChange={(e) => this.handleChange(e)}>\n      178 |                       <option defaultValue=\"\">--Select Flight--</option>\n    > 179 |                       {flightIds && flightIds.map((flightId, key) => (\n          |                        ^\n      180 |                         <option key={key} value={flightId}>{flightId}</option>\n      181 |                       ))}\n      182 |                     </select>\n\n      at CreateBooking.render (src/components/CreateBooking.js:179:24)\n      at ReactShallowRenderer._mountClassComponent (node_modules/react-test-renderer/cjs/react-test-renderer-shallow.development.js:883:37)\n      at ReactShallowRenderer.render (node_modules/react-test-renderer/cjs/react-test-renderer-shallow.development.js:800:14)\n      at renderElement (node_modules/enzyme-adapter-react-16/src/ReactSixteenAdapter.js:643:26)\n      at fn (node_modules/enzyme-adapter-react-16/src/ReactSixteenAdapter.js:760:44)\n      at withSetStateAllowed (node_modules/enzyme-adapter-utils/src/Utils.js:100:18)\n      at Object.render (node_modules/enzyme-adapter-react-16/src/ReactSixteenAdapter.js:760:18)\n      at new ShallowWrapper (node_modules/enzyme/src/ShallowWrapper.js:411:22)\n      at shallow (node_modules/enzyme/src/shallow.js:10:10)\n      at Object.<anonymous> (src/App.test.js:1:6251)\n","name":"E:\\FlightBookingtoTrainee\\FlightBooking-toTrainee\\flight-booking\\src\\App.test.js","startTime":1615492563468,"status":"failed","summary":""}],"wasInterrupted":false,"coverageMap":{"E:\\FlightBookingtoTrainee\\FlightBooking-toTrainee\\flight-booking\\src\\components\\CreateBooking.js":{"path":"E:\\FlightBookingtoTrainee\\FlightBooking-toTrainee\\flight-booking\\src\\components\\CreateBooking.js","statementMap":{"0":{"start":{"line":4,"column":12},"end":{"line":4,"column":47}},"1":{"start":{"line":5,"column":13},"end":{"line":5,"column":50}},"2":{"start":{"line":9,"column":4},"end":{"line":9,"column":17}},"3":{"start":{"line":10,"column":4},"end":{"line":30,"column":6}},"4":{"start":{"line":33,"column":22},"end":{"line":35,"column":3}},"5":{"start":{"line":34,"column":4},"end":{"line":34,"column":26}},"6":{"start":{"line":37,"column":18},"end":{"line":54,"column":3}},"7":{"start":{"line":43,"column":4},"end":{"line":43,"column":44}},"8":{"start":{"line":44,"column":4},"end":{"line":52,"column":8}},"9":{"start":{"line":46,"column":8},"end":{"line":46,"column":41}},"10":{"start":{"line":47,"column":8},"end":{"line":47,"column":136}},"11":{"start":{"line":50,"column":8},"end":{"line":50,"column":44}},"12":{"start":{"line":51,"column":8},"end":{"line":51,"column":84}},"13":{"start":{"line":56,"column":19},"end":{"line":80,"column":3}},"14":{"start":{"line":63,"column":4},"end":{"line":79,"column":8}},"15":{"start":{"line":66,"column":8},"end":{"line":66,"column":25}},"16":{"start":{"line":67,"column":8},"end":{"line":67,"column":30}},"17":{"start":{"line":68,"column":8},"end":{"line":68,"column":65}},"18":{"start":{"line":71,"column":8},"end":{"line":71,"column":34}},"19":{"start":{"line":72,"column":8},"end":{"line":77,"column":9}},"20":{"start":{"line":73,"column":10},"end":{"line":73,"column":69}},"21":{"start":{"line":76,"column":10},"end":{"line":76,"column":78}},"22":{"start":{"line":82,"column":17},"end":{"line":86,"column":3}},"23":{"start":{"line":84,"column":4},"end":{"line":84,"column":27}},"24":{"start":{"line":85,"column":4},"end":{"line":85,"column":25}},"25":{"start":{"line":88,"column":17},"end":{"line":100,"column":3}},"26":{"start":{"line":94,"column":20},"end":{"line":94,"column":37}},"27":{"start":{"line":95,"column":16},"end":{"line":95,"column":34}},"28":{"start":{"line":96,"column":21},"end":{"line":96,"column":31}},"29":{"start":{"line":97,"column":4},"end":{"line":97,"column":28}},"30":{"start":{"line":98,"column":4},"end":{"line":98,"column":33}},"31":{"start":{"line":99,"column":4},"end":{"line":99,"column":41}},"32":{"start":{"line":102,"column":18},"end":{"line":143,"column":3}},"33":{"start":{"line":106,"column":44},"end":{"line":106,"column":54}},"34":{"start":{"line":107,"column":4},"end":{"line":140,"column":5}},"35":{"start":{"line":109,"column":8},"end":{"line":118,"column":9}},"36":{"start":{"line":110,"column":10},"end":{"line":110,"column":57}},"37":{"start":{"line":111,"column":10},"end":{"line":111,"column":39}},"38":{"start":{"line":112,"column":15},"end":{"line":118,"column":9}},"39":{"start":{"line":113,"column":10},"end":{"line":113,"column":57}},"40":{"start":{"line":114,"column":10},"end":{"line":114,"column":39}},"41":{"start":{"line":116,"column":10},"end":{"line":116,"column":43}},"42":{"start":{"line":117,"column":10},"end":{"line":117,"column":38}},"43":{"start":{"line":119,"column":8},"end":{"line":119,"column":14}},"44":{"start":{"line":122,"column":8},"end":{"line":124,"column":34}},"45":{"start":{"line":125,"column":8},"end":{"line":125,"column":73}},"46":{"start":{"line":126,"column":8},"end":{"line":126,"column":14}},"47":{"start":{"line":129,"column":8},"end":{"line":132,"column":58}},"48":{"start":{"line":133,"column":8},"end":{"line":135,"column":40}},"49":{"start":{"line":136,"column":8},"end":{"line":136,"column":14}},"50":{"start":{"line":139,"column":8},"end":{"line":139,"column":14}},"51":{"start":{"line":141,"column":4},"end":{"line":141,"column":97}},"52":{"start":{"line":142,"column":4},"end":{"line":142,"column":79}},"53":{"start":{"line":146,"column":21},"end":{"line":146,"column":31}},"54":{"start":{"line":147,"column":4},"end":{"line":213,"column":6}},"55":{"start":{"line":177,"column":97},"end":{"line":177,"column":117}},"56":{"start":{"line":180,"column":24},"end":{"line":180,"column":78}},"57":{"start":{"line":194,"column":41},"end":{"line":194,"column":61}}},"fnMap":{"0":{"name":"(anonymous_0)","decl":{"start":{"line":8,"column":2},"end":{"line":8,"column":3}},"loc":{"start":{"line":8,"column":21},"end":{"line":31,"column":3}},"line":8},"1":{"name":"(anonymous_1)","decl":{"start":{"line":33,"column":22},"end":{"line":33,"column":23}},"loc":{"start":{"line":33,"column":28},"end":{"line":35,"column":3}},"line":33},"2":{"name":"(anonymous_2)","decl":{"start":{"line":37,"column":18},"end":{"line":37,"column":19}},"loc":{"start":{"line":37,"column":24},"end":{"line":54,"column":3}},"line":37},"3":{"name":"(anonymous_3)","decl":{"start":{"line":45,"column":12},"end":{"line":45,"column":13}},"loc":{"start":{"line":45,"column":21},"end":{"line":48,"column":7}},"line":45},"4":{"name":"(anonymous_4)","decl":{"start":{"line":49,"column":13},"end":{"line":49,"column":14}},"loc":{"start":{"line":49,"column":20},"end":{"line":52,"column":7}},"line":49},"5":{"name":"(anonymous_5)","decl":{"start":{"line":56,"column":19},"end":{"line":56,"column":20}},"loc":{"start":{"line":56,"column":25},"end":{"line":80,"column":3}},"line":56},"6":{"name":"(anonymous_6)","decl":{"start":{"line":65,"column":12},"end":{"line":65,"column":13}},"loc":{"start":{"line":65,"column":21},"end":{"line":69,"column":7}},"line":65},"7":{"name":"(anonymous_7)","decl":{"start":{"line":70,"column":13},"end":{"line":70,"column":14}},"loc":{"start":{"line":70,"column":22},"end":{"line":79,"column":7}},"line":70},"8":{"name":"(anonymous_8)","decl":{"start":{"line":82,"column":17},"end":{"line":82,"column":18}},"loc":{"start":{"line":82,"column":26},"end":{"line":86,"column":3}},"line":82},"9":{"name":"(anonymous_9)","decl":{"start":{"line":88,"column":17},"end":{"line":88,"column":18}},"loc":{"start":{"line":88,"column":26},"end":{"line":100,"column":3}},"line":88},"10":{"name":"(anonymous_10)","decl":{"start":{"line":102,"column":18},"end":{"line":102,"column":19}},"loc":{"start":{"line":102,"column":40},"end":{"line":143,"column":3}},"line":102},"11":{"name":"(anonymous_11)","decl":{"start":{"line":145,"column":2},"end":{"line":145,"column":3}},"loc":{"start":{"line":145,"column":11},"end":{"line":214,"column":3}},"line":145},"12":{"name":"(anonymous_12)","decl":{"start":{"line":177,"column":90},"end":{"line":177,"column":91}},"loc":{"start":{"line":177,"column":97},"end":{"line":177,"column":117}},"line":177},"13":{"name":"(anonymous_13)","decl":{"start":{"line":179,"column":50},"end":{"line":179,"column":51}},"loc":{"start":{"line":180,"column":24},"end":{"line":180,"column":78}},"line":180},"14":{"name":"(anonymous_14)","decl":{"start":{"line":194,"column":32},"end":{"line":194,"column":33}},"loc":{"start":{"line":194,"column":39},"end":{"line":194,"column":63}},"line":194}},"branchMap":{"0":{"loc":{"start":{"line":72,"column":8},"end":{"line":77,"column":9}},"type":"if","locations":[{"start":{"line":72,"column":8},"end":{"line":77,"column":9}},{"start":{"line":72,"column":8},"end":{"line":77,"column":9}}],"line":72},"1":{"loc":{"start":{"line":107,"column":4},"end":{"line":140,"column":5}},"type":"switch","locations":[{"start":{"line":108,"column":6},"end":{"line":119,"column":14}},{"start":{"line":121,"column":6},"end":{"line":126,"column":14}},{"start":{"line":128,"column":6},"end":{"line":136,"column":14}},{"start":{"line":138,"column":6},"end":{"line":139,"column":14}}],"line":107},"2":{"loc":{"start":{"line":109,"column":8},"end":{"line":118,"column":9}},"type":"if","locations":[{"start":{"line":109,"column":8},"end":{"line":118,"column":9}},{"start":{"line":109,"column":8},"end":{"line":118,"column":9}}],"line":109},"3":{"loc":{"start":{"line":112,"column":15},"end":{"line":118,"column":9}},"type":"if","locations":[{"start":{"line":112,"column":15},"end":{"line":118,"column":9}},{"start":{"line":112,"column":15},"end":{"line":118,"column":9}}],"line":112},"4":{"loc":{"start":{"line":122,"column":8},"end":{"line":124,"column":33}},"type":"cond-expr","locations":[{"start":{"line":123,"column":10},"end":{"line":123,"column":48}},{"start":{"line":124,"column":10},"end":{"line":124,"column":33}}],"line":122},"5":{"loc":{"start":{"line":125,"column":8},"end":{"line":125,"column":72}},"type":"cond-expr","locations":[{"start":{"line":125,"column":18},"end":{"line":125,"column":43}},{"start":{"line":125,"column":46},"end":{"line":125,"column":72}}],"line":125},"6":{"loc":{"start":{"line":129,"column":8},"end":{"line":132,"column":57}},"type":"cond-expr","locations":[{"start":{"line":129,"column":19},"end":{"line":131,"column":98}},{"start":{"line":132,"column":10},"end":{"line":132,"column":57}}],"line":129},"7":{"loc":{"start":{"line":129,"column":19},"end":{"line":131,"column":98}},"type":"cond-expr","locations":[{"start":{"line":130,"column":10},"end":{"line":130,"column":43}},{"start":{"line":131,"column":10},"end":{"line":131,"column":98}}],"line":129},"8":{"loc":{"start":{"line":129,"column":20},"end":{"line":129,"column":46}},"type":"binary-expr","locations":[{"start":{"line":129,"column":20},"end":{"line":129,"column":31}},{"start":{"line":129,"column":35},"end":{"line":129,"column":46}}],"line":129},"9":{"loc":{"start":{"line":133,"column":8},"end":{"line":135,"column":39}},"type":"cond-expr","locations":[{"start":{"line":134,"column":10},"end":{"line":134,"column":38}},{"start":{"line":135,"column":10},"end":{"line":135,"column":39}}],"line":133},"10":{"loc":{"start":{"line":133,"column":9},"end":{"line":133,"column":45}},"type":"binary-expr","locations":[{"start":{"line":133,"column":9},"end":{"line":133,"column":14}},{"start":{"line":133,"column":19},"end":{"line":133,"column":30}},{"start":{"line":133,"column":34},"end":{"line":133,"column":44}}],"line":133},"11":{"loc":{"start":{"line":141,"column":29},"end":{"line":141,"column":96}},"type":"binary-expr","locations":[{"start":{"line":141,"column":29},"end":{"line":141,"column":49}},{"start":{"line":141,"column":53},"end":{"line":141,"column":71}},{"start":{"line":141,"column":75},"end":{"line":141,"column":96}}],"line":141},"12":{"loc":{"start":{"line":179,"column":23},"end":{"line":181,"column":24}},"type":"binary-expr","locations":[{"start":{"line":179,"column":23},"end":{"line":179,"column":32}},{"start":{"line":179,"column":36},"end":{"line":181,"column":24}}],"line":179}},"s":{"0":1,"1":1,"2":7,"3":7,"4":7,"5":0,"6":7,"7":0,"8":0,"9":0,"10":0,"11":0,"12":0,"13":7,"14":0,"15":0,"16":0,"17":0,"18":0,"19":0,"20":0,"21":0,"22":7,"23":0,"24":0,"25":7,"26":0,"27":0,"28":0,"29":0,"30":0,"31":0,"32":7,"33":0,"34":0,"35":0,"36":0,"37":0,"38":0,"39":0,"40":0,"41":0,"42":0,"43":0,"44":0,"45":0,"46":0,"47":0,"48":0,"49":0,"50":0,"51":0,"52":0,"53":7,"54":7,"55":0,"56":0,"57":0},"f":{"0":7,"1":0,"2":0,"3":0,"4":0,"5":0,"6":0,"7":0,"8":0,"9":0,"10":0,"11":7,"12":0,"13":0,"14":0},"b":{"0":[0,0],"1":[0,0,0,0],"2":[0,0],"3":[0,0],"4":[0,0],"5":[0,0],"6":[0,0],"7":[0,0],"8":[0,0],"9":[0,0],"10":[0,0,0],"11":[0,0,0],"12":[7,0]},"_coverageSchema":"1a1c01bbd47fc00a2c39e90264f33305004495a9","hash":"e9d0d6a1180955539527adc20a2efb2f2a4b5fa0"},"E:\\FlightBookingtoTrainee\\FlightBooking-toTrainee\\flight-booking\\src\\components\\GetBookings.js":{"path":"E:\\FlightBookingtoTrainee\\FlightBooking-toTrainee\\flight-booking\\src\\components\\GetBookings.js","statementMap":{"0":{"start":{"line":5,"column":12},"end":{"line":5,"column":51}},"1":{"start":{"line":6,"column":13},"end":{"line":6,"column":51}},"2":{"start":{"line":10,"column":4},"end":{"line":10,"column":17}},"3":{"start":{"line":11,"column":4},"end":{"line":17,"column":6}},"4":{"start":{"line":20,"column":22},"end":{"line":22,"column":3}},"5":{"start":{"line":21,"column":4},"end":{"line":21,"column":24}},"6":{"start":{"line":24,"column":18},"end":{"line":28,"column":3}},"7":{"start":{"line":26,"column":4},"end":{"line":26,"column":34}},"8":{"start":{"line":27,"column":4},"end":{"line":27,"column":59}},"9":{"start":{"line":30,"column":17},"end":{"line":50,"column":3}},"10":{"start":{"line":35,"column":4},"end":{"line":49,"column":8}},"11":{"start":{"line":38,"column":8},"end":{"line":38,"column":25}},"12":{"start":{"line":39,"column":8},"end":{"line":39,"column":30}},"13":{"start":{"line":40,"column":8},"end":{"line":40,"column":66}},"14":{"start":{"line":43,"column":8},"end":{"line":43,"column":23}},"15":{"start":{"line":44,"column":8},"end":{"line":48,"column":9}},"16":{"start":{"line":45,"column":10},"end":{"line":45,"column":52}},"17":{"start":{"line":47,"column":10},"end":{"line":47,"column":73}},"18":{"start":{"line":52,"column":18},"end":{"line":71,"column":3}},"19":{"start":{"line":57,"column":4},"end":{"line":57,"column":29}},"20":{"start":{"line":58,"column":17},"end":{"line":58,"column":31}},"21":{"start":{"line":59,"column":4},"end":{"line":69,"column":8}},"22":{"start":{"line":62,"column":8},"end":{"line":62,"column":25}},"23":{"start":{"line":63,"column":8},"end":{"line":63,"column":30}},"24":{"start":{"line":64,"column":8},"end":{"line":64,"column":77}},"25":{"start":{"line":67,"column":8},"end":{"line":67,"column":23}},"26":{"start":{"line":68,"column":8},"end":{"line":68,"column":84}},"27":{"start":{"line":74,"column":28},"end":{"line":74,"column":38}},"28":{"start":{"line":75,"column":4},"end":{"line":124,"column":6}},"29":{"start":{"line":106,"column":24},"end":{"line":113,"column":29}},"30":{"start":{"line":111,"column":118},"end":{"line":111,"column":152}},"31":{"start":{"line":112,"column":106},"end":{"line":112,"column":140}}},"fnMap":{"0":{"name":"(anonymous_0)","decl":{"start":{"line":9,"column":2},"end":{"line":9,"column":3}},"loc":{"start":{"line":9,"column":21},"end":{"line":18,"column":3}},"line":9},"1":{"name":"(anonymous_1)","decl":{"start":{"line":20,"column":22},"end":{"line":20,"column":23}},"loc":{"start":{"line":20,"column":28},"end":{"line":22,"column":3}},"line":20},"2":{"name":"(anonymous_2)","decl":{"start":{"line":24,"column":18},"end":{"line":24,"column":19}},"loc":{"start":{"line":24,"column":27},"end":{"line":28,"column":3}},"line":24},"3":{"name":"(anonymous_3)","decl":{"start":{"line":30,"column":17},"end":{"line":30,"column":18}},"loc":{"start":{"line":30,"column":23},"end":{"line":50,"column":3}},"line":30},"4":{"name":"(anonymous_4)","decl":{"start":{"line":37,"column":12},"end":{"line":37,"column":13}},"loc":{"start":{"line":37,"column":21},"end":{"line":41,"column":7}},"line":37},"5":{"name":"(anonymous_5)","decl":{"start":{"line":42,"column":13},"end":{"line":42,"column":14}},"loc":{"start":{"line":42,"column":20},"end":{"line":49,"column":7}},"line":42},"6":{"name":"(anonymous_6)","decl":{"start":{"line":52,"column":18},"end":{"line":52,"column":19}},"loc":{"start":{"line":52,"column":26},"end":{"line":71,"column":3}},"line":52},"7":{"name":"(anonymous_7)","decl":{"start":{"line":61,"column":12},"end":{"line":61,"column":13}},"loc":{"start":{"line":61,"column":21},"end":{"line":65,"column":7}},"line":61},"8":{"name":"(anonymous_8)","decl":{"start":{"line":66,"column":13},"end":{"line":66,"column":14}},"loc":{"start":{"line":66,"column":20},"end":{"line":69,"column":7}},"line":66},"9":{"name":"(anonymous_9)","decl":{"start":{"line":73,"column":2},"end":{"line":73,"column":3}},"loc":{"start":{"line":73,"column":11},"end":{"line":125,"column":3}},"line":73},"10":{"name":"(anonymous_10)","decl":{"start":{"line":105,"column":54},"end":{"line":105,"column":55}},"loc":{"start":{"line":106,"column":24},"end":{"line":113,"column":29}},"line":106},"11":{"name":"(anonymous_11)","decl":{"start":{"line":111,"column":109},"end":{"line":111,"column":110}},"loc":{"start":{"line":111,"column":116},"end":{"line":111,"column":154}},"line":111},"12":{"name":"(anonymous_12)","decl":{"start":{"line":112,"column":97},"end":{"line":112,"column":98}},"loc":{"start":{"line":112,"column":104},"end":{"line":112,"column":142}},"line":112}},"branchMap":{"0":{"loc":{"start":{"line":44,"column":8},"end":{"line":48,"column":9}},"type":"if","locations":[{"start":{"line":44,"column":8},"end":{"line":48,"column":9}},{"start":{"line":44,"column":8},"end":{"line":48,"column":9}}],"line":44},"1":{"loc":{"start":{"line":105,"column":23},"end":{"line":113,"column":31}},"type":"binary-expr","locations":[{"start":{"line":105,"column":23},"end":{"line":105,"column":34}},{"start":{"line":105,"column":38},"end":{"line":113,"column":31}}],"line":105}},"s":{"0":1,"1":1,"2":0,"3":0,"4":0,"5":0,"6":0,"7":0,"8":0,"9":0,"10":0,"11":0,"12":0,"13":0,"14":0,"15":0,"16":0,"17":0,"18":0,"19":0,"20":0,"21":0,"22":0,"23":0,"24":0,"25":0,"26":0,"27":0,"28":0,"29":0,"30":0,"31":0},"f":{"0":0,"1":0,"2":0,"3":0,"4":0,"5":0,"6":0,"7":0,"8":0,"9":0,"10":0,"11":0,"12":0},"b":{"0":[0,0],"1":[0,0]},"_coverageSchema":"1a1c01bbd47fc00a2c39e90264f33305004495a9","hash":"23052b655d6a8649b79a12ce226042e7c8f4629c"},"E:\\FlightBookingtoTrainee\\FlightBooking-toTrainee\\flight-booking\\src\\index.js":{"path":"E:\\FlightBookingtoTrainee\\FlightBooking-toTrainee\\flight-booking\\src\\index.js","statementMap":{"0":{"start":{"line":10,"column":0},"end":{"line":10,"column":62}},"1":{"start":{"line":12,"column":0},"end":{"line":12,"column":24}}},"fnMap":{},"branchMap":{},"s":{"0":0,"1":0},"f":{},"b":{}},"E:\\FlightBookingtoTrainee\\FlightBooking-toTrainee\\flight-booking\\src\\App.js":{"path":"E:\\FlightBookingtoTrainee\\FlightBooking-toTrainee\\flight-booking\\src\\App.js","statementMap":{"0":{"start":{"line":13,"column":4},"end":{"line":43,"column":6}},"1":{"start":{"line":39,"column":50},"end":{"line":39,"column":79}}},"fnMap":{"0":{"name":"(anonymous_0)","decl":{"start":{"line":12,"column":2},"end":{"line":12,"column":3}},"loc":{"start":{"line":12,"column":11},"end":{"line":44,"column":3}},"line":12},"1":{"name":"(anonymous_1)","decl":{"start":{"line":39,"column":44},"end":{"line":39,"column":45}},"loc":{"start":{"line":39,"column":50},"end":{"line":39,"column":79}},"line":39}},"branchMap":{},"s":{"0":0,"1":0},"f":{"0":0,"1":0},"b":{}},"E:\\FlightBookingtoTrainee\\FlightBooking-toTrainee\\flight-booking\\src\\registerServiceWorker.js":{"path":"E:\\FlightBookingtoTrainee\\FlightBooking-toTrainee\\flight-booking\\src\\registerServiceWorker.js","statementMap":{"0":{"start":{"line":11,"column":20},"end":{"line":19,"column":1}},"1":{"start":{"line":22,"column":2},"end":{"line":52,"column":3}},"2":{"start":{"line":24,"column":22},"end":{"line":24,"column":70}},"3":{"start":{"line":25,"column":4},"end":{"line":30,"column":5}},"4":{"start":{"line":29,"column":6},"end":{"line":29,"column":13}},"5":{"start":{"line":32,"column":4},"end":{"line":51,"column":7}},"6":{"start":{"line":33,"column":20},"end":{"line":33,"column":65}},"7":{"start":{"line":35,"column":6},"end":{"line":50,"column":7}},"8":{"start":{"line":37,"column":8},"end":{"line":37,"column":39}},"9":{"start":{"line":41,"column":8},"end":{"line":46,"column":11}},"10":{"start":{"line":42,"column":10},"end":{"line":45,"column":12}},"11":{"start":{"line":49,"column":8},"end":{"line":49,"column":31}},"12":{"start":{"line":56,"column":2},"end":{"line":81,"column":7}},"13":{"start":{"line":59,"column":6},"end":{"line":77,"column":8}},"14":{"start":{"line":60,"column":33},"end":{"line":60,"column":56}},"15":{"start":{"line":61,"column":8},"end":{"line":76,"column":10}},"16":{"start":{"line":62,"column":10},"end":{"line":75,"column":11}},"17":{"start":{"line":63,"column":12},"end":{"line":74,"column":13}},"18":{"start":{"line":68,"column":14},"end":{"line":68,"column":71}},"19":{"start":{"line":73,"column":14},"end":{"line":73,"column":64}},"20":{"start":{"line":80,"column":6},"end":{"line":80,"column":72}},"21":{"start":{"line":86,"column":2},"end":{"line":108,"column":7}},"22":{"start":{"line":89,"column":6},"end":{"line":102,"column":7}},"23":{"start":{"line":94,"column":8},"end":{"line":98,"column":11}},"24":{"start":{"line":95,"column":10},"end":{"line":97,"column":13}},"25":{"start":{"line":96,"column":12},"end":{"line":96,"column":37}},"26":{"start":{"line":101,"column":8},"end":{"line":101,"column":31}},"27":{"start":{"line":105,"column":6},"end":{"line":107,"column":8}},"28":{"start":{"line":112,"column":2},"end":{"line":116,"column":3}},"29":{"start":{"line":113,"column":4},"end":{"line":115,"column":7}},"30":{"start":{"line":114,"column":6},"end":{"line":114,"column":32}}},"fnMap":{"0":{"name":"register","decl":{"start":{"line":21,"column":24},"end":{"line":21,"column":32}},"loc":{"start":{"line":21,"column":35},"end":{"line":53,"column":1}},"line":21},"1":{"name":"(anonymous_1)","decl":{"start":{"line":32,"column":36},"end":{"line":32,"column":37}},"loc":{"start":{"line":32,"column":42},"end":{"line":51,"column":5}},"line":32},"2":{"name":"(anonymous_2)","decl":{"start":{"line":41,"column":43},"end":{"line":41,"column":44}},"loc":{"start":{"line":41,"column":49},"end":{"line":46,"column":9}},"line":41},"3":{"name":"registerValidSW","decl":{"start":{"line":55,"column":9},"end":{"line":55,"column":24}},"loc":{"start":{"line":55,"column":32},"end":{"line":82,"column":1}},"line":55},"4":{"name":"(anonymous_4)","decl":{"start":{"line":58,"column":10},"end":{"line":58,"column":11}},"loc":{"start":{"line":58,"column":26},"end":{"line":78,"column":5}},"line":58},"5":{"name":"(anonymous_5)","decl":{"start":{"line":59,"column":35},"end":{"line":59,"column":36}},"loc":{"start":{"line":59,"column":41},"end":{"line":77,"column":7}},"line":59},"6":{"name":"(anonymous_6)","decl":{"start":{"line":61,"column":41},"end":{"line":61,"column":42}},"loc":{"start":{"line":61,"column":47},"end":{"line":76,"column":9}},"line":61},"7":{"name":"(anonymous_7)","decl":{"start":{"line":79,"column":11},"end":{"line":79,"column":12}},"loc":{"start":{"line":79,"column":20},"end":{"line":81,"column":5}},"line":79},"8":{"name":"checkValidServiceWorker","decl":{"start":{"line":84,"column":9},"end":{"line":84,"column":32}},"loc":{"start":{"line":84,"column":40},"end":{"line":109,"column":1}},"line":84},"9":{"name":"(anonymous_9)","decl":{"start":{"line":87,"column":10},"end":{"line":87,"column":11}},"loc":{"start":{"line":87,"column":22},"end":{"line":103,"column":5}},"line":87},"10":{"name":"(anonymous_10)","decl":{"start":{"line":94,"column":43},"end":{"line":94,"column":44}},"loc":{"start":{"line":94,"column":59},"end":{"line":98,"column":9}},"line":94},"11":{"name":"(anonymous_11)","decl":{"start":{"line":95,"column":41},"end":{"line":95,"column":42}},"loc":{"start":{"line":95,"column":47},"end":{"line":97,"column":11}},"line":95},"12":{"name":"(anonymous_12)","decl":{"start":{"line":104,"column":11},"end":{"line":104,"column":12}},"loc":{"start":{"line":104,"column":17},"end":{"line":108,"column":5}},"line":104},"13":{"name":"unregister","decl":{"start":{"line":111,"column":16},"end":{"line":111,"column":26}},"loc":{"start":{"line":111,"column":29},"end":{"line":117,"column":1}},"line":111},"14":{"name":"(anonymous_14)","decl":{"start":{"line":113,"column":39},"end":{"line":113,"column":40}},"loc":{"start":{"line":113,"column":55},"end":{"line":115,"column":5}},"line":113}},"branchMap":{"0":{"loc":{"start":{"line":12,"column":2},"end":{"line":18,"column":5}},"type":"binary-expr","locations":[{"start":{"line":12,"column":2},"end":{"line":12,"column":42}},{"start":{"line":14,"column":4},"end":{"line":14,"column":40}},{"start":{"line":16,"column":4},"end":{"line":18,"column":5}}],"line":12},"1":{"loc":{"start":{"line":22,"column":2},"end":{"line":52,"column":3}},"type":"if","locations":[{"start":{"line":22,"column":2},"end":{"line":52,"column":3}},{"start":{"line":22,"column":2},"end":{"line":52,"column":3}}],"line":22},"2":{"loc":{"start":{"line":22,"column":6},"end":{"line":22,"column":75}},"type":"binary-expr","locations":[{"start":{"line":22,"column":6},"end":{"line":22,"column":43}},{"start":{"line":22,"column":47},"end":{"line":22,"column":75}}],"line":22},"3":{"loc":{"start":{"line":25,"column":4},"end":{"line":30,"column":5}},"type":"if","locations":[{"start":{"line":25,"column":4},"end":{"line":30,"column":5}},{"start":{"line":25,"column":4},"end":{"line":30,"column":5}}],"line":25},"4":{"loc":{"start":{"line":35,"column":6},"end":{"line":50,"column":7}},"type":"if","locations":[{"start":{"line":35,"column":6},"end":{"line":50,"column":7}},{"start":{"line":35,"column":6},"end":{"line":50,"column":7}}],"line":35},"5":{"loc":{"start":{"line":62,"column":10},"end":{"line":75,"column":11}},"type":"if","locations":[{"start":{"line":62,"column":10},"end":{"line":75,"column":11}},{"start":{"line":62,"column":10},"end":{"line":75,"column":11}}],"line":62},"6":{"loc":{"start":{"line":63,"column":12},"end":{"line":74,"column":13}},"type":"if","locations":[{"start":{"line":63,"column":12},"end":{"line":74,"column":13}},{"start":{"line":63,"column":12},"end":{"line":74,"column":13}}],"line":63},"7":{"loc":{"start":{"line":89,"column":6},"end":{"line":102,"column":7}},"type":"if","locations":[{"start":{"line":89,"column":6},"end":{"line":102,"column":7}},{"start":{"line":89,"column":6},"end":{"line":102,"column":7}}],"line":89},"8":{"loc":{"start":{"line":90,"column":8},"end":{"line":91,"column":73}},"type":"binary-expr","locations":[{"start":{"line":90,"column":8},"end":{"line":90,"column":31}},{"start":{"line":91,"column":8},"end":{"line":91,"column":73}}],"line":90},"9":{"loc":{"start":{"line":112,"column":2},"end":{"line":116,"column":3}},"type":"if","locations":[{"start":{"line":112,"column":2},"end":{"line":116,"column":3}},{"start":{"line":112,"column":2},"end":{"line":116,"column":3}}],"line":112}},"s":{"0":0,"1":0,"2":0,"3":0,"4":0,"5":0,"6":0,"7":0,"8":0,"9":0,"10":0,"11":0,"12":0,"13":0,"14":0,"15":0,"16":0,"17":0,"18":0,"19":0,"20":0,"21":0,"22":0,"23":0,"24":0,"25":0,"26":0,"27":0,"28":0,"29":0,"30":0},"f":{"0":0,"1":0,"2":0,"3":0,"4":0,"5":0,"6":0,"7":0,"8":0,"9":0,"10":0,"11":0,"12":0,"13":0,"14":0},"b":{"0":[0,0,0],"1":[0,0],"2":[0,0],"3":[0,0],"4":[0,0],"5":[0,0],"6":[0,0],"7":[0,0],"8":[0,0],"9":[0,0]}},"E:\\FlightBookingtoTrainee\\FlightBooking-toTrainee\\flight-booking\\src\\components\\updateBooking.js":{"path":"E:\\FlightBookingtoTrainee\\FlightBooking-toTrainee\\flight-booking\\src\\components\\updateBooking.js","statementMap":{"0":{"start":{"line":4,"column":12},"end":{"line":4,"column":50}},"1":{"start":{"line":8,"column":8},"end":{"line":8,"column":21}},"2":{"start":{"line":9,"column":8},"end":{"line":26,"column":10}},"3":{"start":{"line":29,"column":24},"end":{"line":34,"column":5}},"4":{"start":{"line":30,"column":25},"end":{"line":30,"column":35}},"5":{"start":{"line":31,"column":8},"end":{"line":31,"column":39}},"6":{"start":{"line":32,"column":8},"end":{"line":32,"column":26}},"7":{"start":{"line":33,"column":8},"end":{"line":33,"column":37}},"8":{"start":{"line":36,"column":20},"end":{"line":56,"column":5}},"9":{"start":{"line":41,"column":8},"end":{"line":41,"column":32}},"10":{"start":{"line":42,"column":25},"end":{"line":42,"column":35}},"11":{"start":{"line":43,"column":23},"end":{"line":43,"column":43}},"12":{"start":{"line":44,"column":8},"end":{"line":44,"column":90}},"13":{"start":{"line":45,"column":8},"end":{"line":55,"column":14}},"14":{"start":{"line":48,"column":16},"end":{"line":48,"column":33}},"15":{"start":{"line":49,"column":16},"end":{"line":49,"column":38}},"16":{"start":{"line":50,"column":16},"end":{"line":50,"column":85}},"17":{"start":{"line":53,"column":16},"end":{"line":53,"column":31}},"18":{"start":{"line":54,"column":16},"end":{"line":54,"column":92}},"19":{"start":{"line":58,"column":19},"end":{"line":62,"column":5}},"20":{"start":{"line":60,"column":8},"end":{"line":60,"column":31}},"21":{"start":{"line":61,"column":8},"end":{"line":61,"column":29}},"22":{"start":{"line":64,"column":19},"end":{"line":75,"column":5}},"23":{"start":{"line":69,"column":21},"end":{"line":69,"column":38}},"24":{"start":{"line":70,"column":22},"end":{"line":70,"column":40}},"25":{"start":{"line":71,"column":25},"end":{"line":71,"column":35}},"26":{"start":{"line":72,"column":8},"end":{"line":72,"column":27}},"27":{"start":{"line":73,"column":8},"end":{"line":73,"column":38}},"28":{"start":{"line":74,"column":8},"end":{"line":74,"column":40}},"29":{"start":{"line":77,"column":20},"end":{"line":104,"column":5}},"30":{"start":{"line":80,"column":48},"end":{"line":80,"column":58}},"31":{"start":{"line":81,"column":8},"end":{"line":96,"column":9}},"32":{"start":{"line":83,"column":16},"end":{"line":87,"column":56}},"33":{"start":{"line":89,"column":16},"end":{"line":91,"column":50}},"34":{"start":{"line":92,"column":16},"end":{"line":92,"column":22}},"35":{"start":{"line":95,"column":16},"end":{"line":95,"column":22}},"36":{"start":{"line":97,"column":32},"end":{"line":97,"column":82}},"37":{"start":{"line":98,"column":8},"end":{"line":98,"column":52}},"38":{"start":{"line":99,"column":8},"end":{"line":102,"column":10}},"39":{"start":{"line":107,"column":8},"end":{"line":144,"column":10}},"40":{"start":{"line":121,"column":78},"end":{"line":121,"column":98}},"41":{"start":{"line":129,"column":180},"end":{"line":129,"column":200}}},"fnMap":{"0":{"name":"(anonymous_0)","decl":{"start":{"line":7,"column":4},"end":{"line":7,"column":5}},"loc":{"start":{"line":7,"column":23},"end":{"line":27,"column":5}},"line":7},"1":{"name":"(anonymous_1)","decl":{"start":{"line":29,"column":24},"end":{"line":29,"column":25}},"loc":{"start":{"line":29,"column":30},"end":{"line":34,"column":5}},"line":29},"2":{"name":"(anonymous_2)","decl":{"start":{"line":36,"column":20},"end":{"line":36,"column":21}},"loc":{"start":{"line":36,"column":26},"end":{"line":56,"column":5}},"line":36},"3":{"name":"(anonymous_3)","decl":{"start":{"line":47,"column":18},"end":{"line":47,"column":19}},"loc":{"start":{"line":47,"column":27},"end":{"line":51,"column":13}},"line":47},"4":{"name":"(anonymous_4)","decl":{"start":{"line":52,"column":19},"end":{"line":52,"column":20}},"loc":{"start":{"line":52,"column":26},"end":{"line":55,"column":13}},"line":52},"5":{"name":"(anonymous_5)","decl":{"start":{"line":58,"column":19},"end":{"line":58,"column":20}},"loc":{"start":{"line":58,"column":30},"end":{"line":62,"column":5}},"line":58},"6":{"name":"(anonymous_6)","decl":{"start":{"line":64,"column":19},"end":{"line":64,"column":20}},"loc":{"start":{"line":64,"column":30},"end":{"line":75,"column":5}},"line":64},"7":{"name":"(anonymous_7)","decl":{"start":{"line":77,"column":20},"end":{"line":77,"column":21}},"loc":{"start":{"line":77,"column":42},"end":{"line":104,"column":5}},"line":77},"8":{"name":"(anonymous_8)","decl":{"start":{"line":106,"column":4},"end":{"line":106,"column":5}},"loc":{"start":{"line":106,"column":13},"end":{"line":145,"column":5}},"line":106},"9":{"name":"(anonymous_9)","decl":{"start":{"line":121,"column":69},"end":{"line":121,"column":70}},"loc":{"start":{"line":121,"column":76},"end":{"line":121,"column":100}},"line":121},"10":{"name":"(anonymous_10)","decl":{"start":{"line":129,"column":171},"end":{"line":129,"column":172}},"loc":{"start":{"line":129,"column":178},"end":{"line":129,"column":202}},"line":129}},"branchMap":{"0":{"loc":{"start":{"line":81,"column":8},"end":{"line":96,"column":9}},"type":"switch","locations":[{"start":{"line":82,"column":12},"end":{"line":92,"column":22}},{"start":{"line":94,"column":12},"end":{"line":95,"column":22}}],"line":81},"1":{"loc":{"start":{"line":83,"column":16},"end":{"line":87,"column":55}},"type":"cond-expr","locations":[{"start":{"line":84,"column":21},"end":{"line":86,"column":113}},{"start":{"line":87,"column":20},"end":{"line":87,"column":55}}],"line":83},"2":{"loc":{"start":{"line":84,"column":21},"end":{"line":86,"column":113}},"type":"cond-expr","locations":[{"start":{"line":85,"column":24},"end":{"line":85,"column":57}},{"start":{"line":86,"column":24},"end":{"line":86,"column":113}}],"line":84},"3":{"loc":{"start":{"line":84,"column":22},"end":{"line":84,"column":46}},"type":"binary-expr","locations":[{"start":{"line":84,"column":22},"end":{"line":84,"column":31}},{"start":{"line":84,"column":35},"end":{"line":84,"column":46}}],"line":84},"4":{"loc":{"start":{"line":89,"column":17},"end":{"line":91,"column":49}},"type":"cond-expr","locations":[{"start":{"line":90,"column":20},"end":{"line":90,"column":48}},{"start":{"line":91,"column":20},"end":{"line":91,"column":49}}],"line":89},"5":{"loc":{"start":{"line":89,"column":17},"end":{"line":89,"column":52}},"type":"binary-expr","locations":[{"start":{"line":89,"column":17},"end":{"line":89,"column":22}},{"start":{"line":89,"column":27},"end":{"line":89,"column":36}},{"start":{"line":89,"column":40},"end":{"line":89,"column":51}}],"line":89},"6":{"loc":{"start":{"line":97,"column":32},"end":{"line":97,"column":82}},"type":"binary-expr","locations":[{"start":{"line":97,"column":32},"end":{"line":97,"column":54}},{"start":{"line":97,"column":58},"end":{"line":97,"column":82}}],"line":97}},"s":{"0":0,"1":0,"2":0,"3":0,"4":0,"5":0,"6":0,"7":0,"8":0,"9":0,"10":0,"11":0,"12":0,"13":0,"14":0,"15":0,"16":0,"17":0,"18":0,"19":0,"20":0,"21":0,"22":0,"23":0,"24":0,"25":0,"26":0,"27":0,"28":0,"29":0,"30":0,"31":0,"32":0,"33":0,"34":0,"35":0,"36":0,"37":0,"38":0,"39":0,"40":0,"41":0},"f":{"0":0,"1":0,"2":0,"3":0,"4":0,"5":0,"6":0,"7":0,"8":0,"9":0,"10":0},"b":{"0":[0,0],"1":[0,0],"2":[0,0],"3":[0,0],"4":[0,0],"5":[0,0,0],"6":[0,0]}},"E:\\FlightBookingtoTrainee\\FlightBooking-toTrainee\\flight-booking\\src\\components\\evaluator.js":{"path":"E:\\FlightBookingtoTrainee\\FlightBooking-toTrainee\\flight-booking\\src\\components\\evaluator.js","statementMap":{"0":{"start":{"line":7,"column":8},"end":{"line":7,"column":21}},"1":{"start":{"line":8,"column":8},"end":{"line":12,"column":9}},"2":{"start":{"line":15,"column":14},"end":{"line":26,"column":5}},"3":{"start":{"line":16,"column":8},"end":{"line":16,"column":42}},"4":{"start":{"line":17,"column":8},"end":{"line":25,"column":10}},"5":{"start":{"line":18,"column":12},"end":{"line":18,"column":55}},"6":{"start":{"line":20,"column":12},"end":{"line":24,"column":13}},"7":{"start":{"line":21,"column":16},"end":{"line":21,"column":50}},"8":{"start":{"line":23,"column":16},"end":{"line":23,"column":37}},"9":{"start":{"line":28,"column":22},"end":{"line":55,"column":5}},"10":{"start":{"line":29,"column":25},"end":{"line":29,"column":44}},"11":{"start":{"line":30,"column":27},"end":{"line":30,"column":29}},"12":{"start":{"line":30,"column":40},"end":{"line":30,"column":41}},"13":{"start":{"line":30,"column":57},"end":{"line":30,"column":59}},"14":{"start":{"line":30,"column":74},"end":{"line":30,"column":76}},"15":{"start":{"line":31,"column":8},"end":{"line":54,"column":9}},"16":{"start":{"line":32,"column":12},"end":{"line":49,"column":13}},"17":{"start":{"line":33,"column":30},"end":{"line":33,"column":32}},"18":{"start":{"line":34,"column":16},"end":{"line":42,"column":17}},"19":{"start":{"line":35,"column":20},"end":{"line":35,"column":50}},"20":{"start":{"line":36,"column":20},"end":{"line":36,"column":50}},"21":{"start":{"line":37,"column":20},"end":{"line":37,"column":32}},"22":{"start":{"line":38,"column":23},"end":{"line":42,"column":17}},"23":{"start":{"line":39,"column":20},"end":{"line":39,"column":41}},"24":{"start":{"line":40,"column":20},"end":{"line":40,"column":48}},"25":{"start":{"line":41,"column":20},"end":{"line":41,"column":49}},"26":{"start":{"line":43,"column":31},"end":{"line":46,"column":21}},"27":{"start":{"line":47,"column":16},"end":{"line":47,"column":43}},"28":{"start":{"line":48,"column":16},"end":{"line":48,"column":21}},"29":{"start":{"line":50,"column":12},"end":{"line":50,"column":32}},"30":{"start":{"line":52,"column":12},"end":{"line":52,"column":44}},"31":{"start":{"line":57,"column":18},"end":{"line":61,"column":5}},"32":{"start":{"line":58,"column":8},"end":{"line":60,"column":93}},"33":{"start":{"line":59,"column":35},"end":{"line":59,"column":55}},"34":{"start":{"line":60,"column":28},"end":{"line":60,"column":62}},"35":{"start":{"line":60,"column":63},"end":{"line":60,"column":89}},"36":{"start":{"line":63,"column":15},"end":{"line":70,"column":5}},"37":{"start":{"line":64,"column":8},"end":{"line":64,"column":42}},"38":{"start":{"line":65,"column":8},"end":{"line":69,"column":10}},"39":{"start":{"line":66,"column":12},"end":{"line":66,"column":53}},"40":{"start":{"line":68,"column":12},"end":{"line":68,"column":23}},"41":{"start":{"line":73,"column":8},"end":{"line":147,"column":9}}},"fnMap":{"0":{"name":"(anonymous_0)","decl":{"start":{"line":6,"column":4},"end":{"line":6,"column":5}},"loc":{"start":{"line":6,"column":23},"end":{"line":13,"column":5}},"line":6},"1":{"name":"(anonymous_1)","decl":{"start":{"line":15,"column":14},"end":{"line":15,"column":15}},"loc":{"start":{"line":15,"column":20},"end":{"line":26,"column":5}},"line":15},"2":{"name":"(anonymous_2)","decl":{"start":{"line":17,"column":56},"end":{"line":17,"column":57}},"loc":{"start":{"line":17,"column":68},"end":{"line":19,"column":9}},"line":17},"3":{"name":"(anonymous_3)","decl":{"start":{"line":19,"column":17},"end":{"line":19,"column":18}},"loc":{"start":{"line":19,"column":26},"end":{"line":25,"column":9}},"line":19},"4":{"name":"(anonymous_4)","decl":{"start":{"line":28,"column":22},"end":{"line":28,"column":23}},"loc":{"start":{"line":28,"column":28},"end":{"line":55,"column":5}},"line":28},"5":{"name":"(anonymous_5)","decl":{"start":{"line":57,"column":18},"end":{"line":57,"column":19}},"loc":{"start":{"line":57,"column":24},"end":{"line":61,"column":5}},"line":57},"6":{"name":"(anonymous_6)","decl":{"start":{"line":59,"column":18},"end":{"line":59,"column":19}},"loc":{"start":{"line":59,"column":32},"end":{"line":59,"column":57}},"line":59},"7":{"name":"(anonymous_7)","decl":{"start":{"line":60,"column":19},"end":{"line":60,"column":20}},"loc":{"start":{"line":60,"column":26},"end":{"line":60,"column":91}},"line":60},"8":{"name":"(anonymous_8)","decl":{"start":{"line":63,"column":15},"end":{"line":63,"column":16}},"loc":{"start":{"line":63,"column":21},"end":{"line":70,"column":5}},"line":63},"9":{"name":"(anonymous_9)","decl":{"start":{"line":65,"column":39},"end":{"line":65,"column":40}},"loc":{"start":{"line":65,"column":49},"end":{"line":67,"column":9}},"line":65},"10":{"name":"(anonymous_10)","decl":{"start":{"line":67,"column":17},"end":{"line":67,"column":18}},"loc":{"start":{"line":67,"column":26},"end":{"line":69,"column":9}},"line":67},"11":{"name":"(anonymous_11)","decl":{"start":{"line":72,"column":4},"end":{"line":72,"column":5}},"loc":{"start":{"line":72,"column":13},"end":{"line":148,"column":5}},"line":72}},"branchMap":{"0":{"loc":{"start":{"line":20,"column":12},"end":{"line":24,"column":13}},"type":"if","locations":[{"start":{"line":20,"column":12},"end":{"line":24,"column":13}},{"start":{"line":20,"column":12},"end":{"line":24,"column":13}}],"line":20},"1":{"loc":{"start":{"line":31,"column":8},"end":{"line":54,"column":9}},"type":"if","locations":[{"start":{"line":31,"column":8},"end":{"line":54,"column":9}},{"start":{"line":31,"column":8},"end":{"line":54,"column":9}}],"line":31},"2":{"loc":{"start":{"line":34,"column":16},"end":{"line":42,"column":17}},"type":"if","locations":[{"start":{"line":34,"column":16},"end":{"line":42,"column":17}},{"start":{"line":34,"column":16},"end":{"line":42,"column":17}}],"line":34},"3":{"loc":{"start":{"line":38,"column":23},"end":{"line":42,"column":17}},"type":"if","locations":[{"start":{"line":38,"column":23},"end":{"line":42,"column":17}},{"start":{"line":38,"column":23},"end":{"line":42,"column":17}}],"line":38},"4":{"loc":{"start":{"line":76,"column":17},"end":{"line":83,"column":24}},"type":"cond-expr","locations":[{"start":{"line":77,"column":20},"end":{"line":82,"column":26}},{"start":{"line":83,"column":20},"end":{"line":83,"column":24}}],"line":76},"5":{"loc":{"start":{"line":108,"column":44},"end":{"line":136,"column":49}},"type":"cond-expr","locations":[{"start":{"line":109,"column":48},"end":{"line":126,"column":54}},{"start":{"line":128,"column":52},"end":{"line":135,"column":58}}],"line":108}},"s":{"0":0,"1":0,"2":0,"3":0,"4":0,"5":0,"6":0,"7":0,"8":0,"9":0,"10":0,"11":0,"12":0,"13":0,"14":0,"15":0,"16":0,"17":0,"18":0,"19":0,"20":0,"21":0,"22":0,"23":0,"24":0,"25":0,"26":0,"27":0,"28":0,"29":0,"30":0,"31":0,"32":0,"33":0,"34":0,"35":0,"36":0,"37":0,"38":0,"39":0,"40":0,"41":0},"f":{"0":0,"1":0,"2":0,"3":0,"4":0,"5":0,"6":0,"7":0,"8":0,"9":0,"10":0,"11":0},"b":{"0":[0,0],"1":[0,0],"2":[0,0],"3":[0,0],"4":[0,0],"5":[0,0]}}}}